Performing C SOURCE FILE Test CMAKE_HAVE_LIBC_PTHREAD failed with the following output:
Change Dir: /home/arkadiros/ROS/tello_catkin_ws/build/rqt_tello/CMakeFiles/CMakeTmp

Run Build Command(s):/usr/bin/make cmTC_55696/fast && /usr/bin/make -f CMakeFiles/cmTC_55696.dir/build.make CMakeFiles/cmTC_55696.dir/build
make[1]: Entering directory '/home/arkadiros/ROS/tello_catkin_ws/build/rqt_tello/CMakeFiles/CMakeTmp'
Building C object CMakeFiles/cmTC_55696.dir/src.c.o
/usr/bin/cc   -DCMAKE_HAVE_LIBC_PTHREAD   -o CMakeFiles/cmTC_55696.dir/src.c.o   -c /home/arkadiros/ROS/tello_catkin_ws/build/rqt_tello/CMakeFiles/CMakeTmp/src.c
Linking C executable cmTC_55696
/usr/local/lib/python2.7/dist-packages/cmake/data/bin/cmake -E cmake_link_script CMakeFiles/cmTC_55696.dir/link.txt --verbose=1
/usr/bin/cc  -DCMAKE_HAVE_LIBC_PTHREAD    -rdynamic CMakeFiles/cmTC_55696.dir/src.c.o  -o cmTC_55696 
CMakeFiles/cmTC_55696.dir/src.c.o: In function `main':
src.c:(.text+0x3c): undefined reference to `pthread_create'
src.c:(.text+0x48): undefined reference to `pthread_detach'
src.c:(.text+0x59): undefined reference to `pthread_join'
src.c:(.text+0x6d): undefined reference to `pthread_atfork'
collect2: error: ld returned 1 exit status
CMakeFiles/cmTC_55696.dir/build.make:86: recipe for target 'cmTC_55696' failed
make[1]: *** [cmTC_55696] Error 1
make[1]: Leaving directory '/home/arkadiros/ROS/tello_catkin_ws/build/rqt_tello/CMakeFiles/CMakeTmp'
Makefile:121: recipe for target 'cmTC_55696/fast' failed
make: *** [cmTC_55696/fast] Error 2


Source file was:
#include <pthread.h>

void* test_func(void* data)
{
  return data;
}

int main(void)
{
  pthread_t thread;
  pthread_create(&thread, NULL, test_func, NULL);
  pthread_detach(thread);
  pthread_join(thread, NULL);
  pthread_atfork(NULL, NULL, NULL);
  pthread_exit(NULL);

  return 0;
}

Determining if the function pthread_create exists in the pthreads failed with the following output:
Change Dir: /home/arkadiros/ROS/tello_catkin_ws/build/rqt_tello/CMakeFiles/CMakeTmp

Run Build Command(s):/usr/bin/make cmTC_3f4e4/fast && /usr/bin/make -f CMakeFiles/cmTC_3f4e4.dir/build.make CMakeFiles/cmTC_3f4e4.dir/build
make[1]: Entering directory '/home/arkadiros/ROS/tello_catkin_ws/build/rqt_tello/CMakeFiles/CMakeTmp'
Building C object CMakeFiles/cmTC_3f4e4.dir/CheckFunctionExists.c.o
/usr/bin/cc   -DCHECK_FUNCTION_EXISTS=pthread_create   -o CMakeFiles/cmTC_3f4e4.dir/CheckFunctionExists.c.o   -c /usr/local/lib/python2.7/dist-packages/cmake/data/share/cmake-3.15/Modules/CheckFunctionExists.c
Linking C executable cmTC_3f4e4
/usr/local/lib/python2.7/dist-packages/cmake/data/bin/cmake -E cmake_link_script CMakeFiles/cmTC_3f4e4.dir/link.txt --verbose=1
/usr/bin/cc  -DCHECK_FUNCTION_EXISTS=pthread_create    -rdynamic CMakeFiles/cmTC_3f4e4.dir/CheckFunctionExists.c.o  -o cmTC_3f4e4 -lpthreads 
/usr/bin/ld: cannot find -lpthreads
collect2: error: ld returned 1 exit status
CMakeFiles/cmTC_3f4e4.dir/build.make:86: recipe for target 'cmTC_3f4e4' failed
make[1]: *** [cmTC_3f4e4] Error 1
make[1]: Leaving directory '/home/arkadiros/ROS/tello_catkin_ws/build/rqt_tello/CMakeFiles/CMakeTmp'
Makefile:121: recipe for target 'cmTC_3f4e4/fast' failed
make: *** [cmTC_3f4e4/fast] Error 2



